<?xml version="1.0" encoding="UTF-8"?>
<!-- Generated by org.testng.reporters.JUnitXMLReporter -->
<testsuite ignored="0" hostname="Nabila-Mubeen-Dell" failures="0" tests="4" name="Default test" time="5.407" errors="0" timestamp="2024-10-09T13:07:22 PKT">
  <testcase classname="test.DataDrivenTestingUsingJson" name="DataDrivenTesting" time="2.683"/>
  <testcase classname="test.DataDrivenTestingUsingJson" name="DataDrivenTesting" time="0.787"/>
  <testcase classname="test.DataDrivenTestingUsingJson" name="DataDrivenTesting" time="0.843"/>
  <testcase classname="test.DataDrivenTestingUsingJson" name="DataDrivenTesting" time="1.001"/>
</testsuite> <!-- Default test -->
